<?xml version="1.0" encoding="UTF-8"?>
<testng-results ignored="0" total="1" passed="1" failed="0" skipped="0">
  <reporter-output>
  </reporter-output>
  <suite started-at="2022-09-14T15:30:46 IST" name="Default suite" finished-at="2022-09-14T15:30:55 IST" duration-ms="8558">
    <groups>
    </groups>
    <test started-at="2022-09-14T15:30:46 IST" name="Default test" finished-at="2022-09-14T15:30:55 IST" duration-ms="8558">
      <class name="Amz.Amazon.Amztestcase1">
        <test-method signature="open_Amazon()[pri:0, instance:Amz.Amazon.Amztestcase1@428640fa]" started-at="2022-09-14T15:30:46 IST" name="open_Amazon" finished-at="2022-09-14T15:30:55 IST" duration-ms="8516" status="PASS">
          <reporter-output>
          </reporter-output>
        </test-method> <!-- open_Amazon -->
      </class> <!-- Amz.Amazon.Amztestcase1 -->
    </test> <!-- Default test -->
  </suite> <!-- Default suite -->
</testng-results>
